빌드 시작: 2014-05-22 오후 4:44:41
     1>3 노드의 "C:\Users\user\Desktop\tetris\asdfawe\asdfawe.vcxproj" 프로젝트(build 대상)입니다.
     1>InitializeBuildStatus:
         "Debug\asdfawe.unsuccessfulbuild"에 연결(touching)하고 있습니다.
       ClCompile:
         c:\Program Files\Microsoft Visual Studio 10.0\VC\bin\CL.exe /c /IC:\pdcurses /ZI /nologo /W3 /WX- /Od /Oy- /D WIN32 /D _DEBUG /D _CONSOLE /D _UNICODE /D UNICODE /Gm /EHsc /RTC1 /MDd /GS /fp:precise /Zc:wchar_t /Zc:forScope /Fo"Debug\\" /Fd"Debug\vc100.pdb" /Gd /TP /analyze- /errorReport:prompt "..\..\20113259_김보운(Tetris_2 설계과제)\20113259 김보운\cpp소스파일\gameplay.cpp" "..\..\20113259_김보운(Tetris_2 설계과제)\20113259 김보운\cpp소스파일\interface.cpp" "..\..\20113259_김보운(Tetris_2 설계과제)\20113259 김보운\cpp소스파일\keyupdate.cpp" "..\..\20113259_김보운(Tetris_2 설계과제)\20113259 김보운\cpp소스파일\main.cpp"
         main.cpp
         keyupdate.cpp
         interface.cpp
         gameplay.cpp
         코드를 생성하고 있습니다...
     1>c:\users\user\desktop\20113259_김보운(tetris_2 설계과제)\20113259 김보운\cpp소스파일\gameplay.cpp(390): warning C4715: 'GamePlay::gameplay' : 모든 제어 경로에서 값을 반환하지는 않습니다.
     1>c:\users\user\desktop\20113259_김보운(tetris_2 설계과제)\20113259 김보운\cpp소스파일\keyupdate.cpp(23): warning C4715: 'KeySet::input_key' : 모든 제어 경로에서 값을 반환하지는 않습니다.
       ManifestResourceCompile:
         C:\Program Files\Microsoft SDKs\Windows\v7.0A\bin\rc.exe /nologo /fo"Debug\asdfawe.exe.embed.manifest.res" Debug\asdfawe_manifest.rc 
       Link:
         c:\Program Files\Microsoft Visual Studio 10.0\VC\bin\link.exe /ERRORREPORT:PROMPT /OUT:"C:\Users\user\Desktop\tetris\Debug\asdfawe.exe" /INCREMENTAL /NOLOGO /LIBPATH:C:\pdcurses pdcurses.dll kernel32.lib user32.lib gdi32.lib winspool.lib comdlg32.lib advapi32.lib shell32.lib ole32.lib oleaut32.lib uuid.lib odbc32.lib odbccp32.lib /MANIFEST /ManifestFile:"Debug\asdfawe.exe.intermediate.manifest" /MANIFESTUAC:"level='asInvoker' uiAccess='false'" /DEBUG /PDB:"C:\Users\user\Desktop\tetris\Debug\asdfawe.pdb" /SUBSYSTEM:CONSOLE /TLBID:1 /DYNAMICBASE /NXCOMPAT /IMPLIB:"C:\Users\user\Desktop\tetris\Debug\asdfawe.lib" /MACHINE:X86 Debug\asdfawe.exe.embed.manifest.res
         Debug\gameplay.obj
         Debug\interface.obj
         Debug\keyupdate.obj
         Debug\main.obj
     1>C:\pdcurses\pdcurses.dll : fatal error LNK1107: 파일이 잘못되었거나 손상되었습니다. 0x2A0에서 읽을 수 없습니다.
     1>"C:\Users\user\Desktop\tetris\asdfawe\asdfawe.vcxproj" 프로젝트를 빌드했습니다(build 대상). - 실패

빌드하지 못했습니다.

경과 시간: 00:00:01.58
